================================================================================
ROUND 3: JavaScript Source Extraction Guide
================================================================================

📋 METHOD 1: Enable Remote Debugging (Automated Extraction)
--------------------------------------------------------------------------------
✗ Remote debugging NOT enabled

To enable, kill current Edge and run:
  flatpak run com.microsoft.Edge --remote-debugging-port=9222 \
    --profile-directory=Default --app-id=kanajofaghckoijdglhndcjjlemljefb \
    '--app-url=https://play.xbox.com/?pwaVersion=1.0'

================================================================================
📋 METHOD 2: Manual Source Download (RECOMMENDED)
================================================================================

Since you're looking at DevTools right now, here's how to download ALL sources:

1. Open DevTools (F12) on the Xbox Play PWA
2. Go to the "Sources" tab (top menu)
3. In the left sidebar, you'll see a tree of sources:
   - Look for: play.xbox.com
   - Look for: Various .js files (especially webpack bundles)
   - Look for: Service Worker scripts

4. For EACH JavaScript file you want to save:
   a. Right-click on the file in the left sidebar
   b. Select "Save as..." or "Save for overrides"
   c. Save to: /home/deck/dump/xbplay spare parts/round3_sources
   
5. Alternative: Use Overrides feature:
   a. In Sources tab, click "Overrides" (left sidebar)
   b. Click "+ Select folder for overrides"
   c. Choose: /home/deck/dump/xbplay spare parts/round3_sources
   d. Grant permission
   e. Refresh the page - all sources will auto-save!

6. Or use the Network tab:
   a. Go to Network tab
   b. Filter by "JS" 
   c. Right-click each JS file → "Save as..."
   d. Save all to: /home/deck/dump/xbplay spare parts/round3_sources


================================================================================
📋 METHOD 3: Extract from HAR File (AUTOMATED)
================================================================================
✓ Found 1 HAR files:
  - Attempt3.har

Extracting JavaScript from HAR files...
  ✓ Extracted: manifest-898552d1.js (122.8 KB)
  ✓ Extracted: entry.client-i16ydi33.js (1362.4 KB)
  ✓ Extracted: rolldown-runtime-k710v1sf.js (1.5 KB)
  ✓ Extracted: react-devtools-fhhx5t8e.js (1188.5 KB)
  ✓ Extracted: constants-mxfnk1oc.js (36.7 KB)
  ✓ Extracted: dist-ci6g53co.js (4.3 KB)
  ✓ Extracted: dist-egwbaaoj.js (10.4 KB)
  ✓ Extracted: dist-h5p8lvz9.js (23.7 KB)
  ✓ Extracted: esm-ju1a8lem.js (2.5 KB)
  ✓ Extracted: esm-hos9qm2h.js (15.4 KB)
  ✓ Extracted: esm-k5x9wmq3.js (13.3 KB)
  ✓ Extracted: dist-ixi1he39.js (5.3 KB)
  ✓ Extracted: dialogNavigationStore-le5nllz5.js (52.3 KB)
  ✓ Extracted: dist-h809mtg6.js (454.2 KB)
  ✓ Extracted: dist-okwwcw4a.js (9.0 KB)
  ✓ Extracted: dist-c3wtj6qd.js (49.5 KB)
  ✓ Extracted: lib-kqnuigwo.js (389.0 KB)
  ✓ Extracted: dist-boqsyalt.js (17.5 KB)
  ✓ Extracted: Index-bt8v9ieq.js (50.5 KB)
  ✓ Extracted: redux-saga-effects-npm-proxy.esm-gjpecpne.js (10.3 KB)
  ✓ Extracted: redux-saga-core-npm-proxy.esm-lsb38txq.js (10.3 KB)
  ✓ Extracted: base64-arraybuffer.es5-blwaxp60.js (1.1 KB)
  ✓ Extracted: DeviceInformation-o5ayk580.js (52.5 KB)
  ✓ Extracted: filterUsersByQuery-m545iqpn.js (15.5 KB)
  ✓ Extracted: react-dom-biq6a8au.js (129.9 KB)
  ✓ Extracted: esm5-d2d2kcnq.js (27.6 KB)
  ✓ Extracted: adapter_core-f9ld89er.js (48.1 KB)
  ✓ Extracted: text-encoding-shim-e5b6lfub.js (1.9 KB)
  ✓ Extracted: esm-browser-jiyhmhod.js (1.3 KB)
  ✓ Extracted: types-h76bfjfb.js (1.4 KB)
  ✓ Extracted: guide-iufuei57.js (3.1 KB)
  ✓ Extracted: types-h0l2of8u.js (13.1 KB)
  ✓ Extracted: StateChanged-hjhzjyc2.js (0.4 KB)
  ✓ Extracted: CompletedState-b4aoxyzx.js (0.4 KB)
  ✓ Extracted: NotStartedState-kxv1fowp.js (0.6 KB)
  ✓ Extracted: TakToastType-isnykbj0.js (0.7 KB)
  ✓ Extracted: XenonSpinner-jccgyih7.js (7.1 KB)
  ✓ Extracted: AcceleratorContext-gkfczusg.js (0.6 KB)
  ✓ Extracted: AudioContext-jgv563qy.js (0.6 KB)
  ✓ Extracted: ResponseBlockReasons-owndcsvu.js (0.4 KB)
  ✓ Extracted: PrivacyValue-uxk49t5f.js (2.0 KB)
  ✓ Extracted: AnonymizedExtSanitizationPlugin-bmcc607v.js (0.8 KB)
  ✓ Extracted: siglId-icajfdn6.js (2.9 KB)
  ✓ Extracted: types-fsyec0bl.js (0.5 KB)
  ✓ Extracted: ContentAccessSystem-ouatki08.js (7.2 KB)
  ✓ Extracted: useDeviceInformation-ro75nchg.js (0.7 KB)
  ✓ Extracted: src-ffccq9l1.js (0.5 KB)
  ✓ Extracted: languageTranslations-gpdh7155.js (8.1 KB)
  ✓ Extracted: LibrarySystem.types-h76f3vjz.js (7.3 KB)
  ✓ Extracted: ToastSystem.types-oi3ri6of.js (0.4 KB)
  ✓ Extracted: constants-mp3r7lu2.js (0.5 KB)
  ✓ Extracted: types-mnhnkcia.js (0.5 KB)
  ✓ Extracted: getCallerApplicationId-d9x35xej.js (1.8 KB)
  ✓ Extracted: getPrograms-dbtb8bec.js (0.7 KB)
  ✓ Extracted: gameStreamDialogPaths-kjw9z1sd.js (1.4 KB)
  ✓ Extracted: getSafeInternalRedirectUri-ee9oh7tb.js (0.5 KB)
  ✓ Extracted: types-ks0owejr.js (32.2 KB)
  ✓ Extracted: GameStreamError-ivjnuwam.js (6.1 KB)
  ✓ Extracted: StreamLogger-nhjljscr.js (2.0 KB)
  ✓ Extracted: TelemetryProvider-i1b18cb2.js (0.9 KB)
  ✓ Extracted: DeviceInfoOverrides-n112lsnc.js (3.5 KB)
  ✓ Extracted: StreamSessionRequest-f7ij1pub.js (81.0 KB)
  ✓ Extracted: stringify-41eb6n07.js (0.4 KB)
  ✓ Extracted: types-l882z03h.js (0.4 KB)
  ✓ Extracted: TitleInfo-ou14nub6.js (0.9 KB)
  ✓ Extracted: AudioConfiguration-ewtl7whn.js (0.7 KB)
  ✓ Extracted: ServerAllocationPollingConfiguration-iceipkg6.js (0.7 KB)
  ✓ Extracted: VideoConfiguration-cic6x6bz.js (1.6 KB)
  ✓ Extracted: validation-cxfkv57s.js (1.5 KB)
  ✓ Extracted: types-gm52makx.js (0.7 KB)
  ✓ Extracted: types-mve5p2jy.js (1.5 KB)
  ✓ Extracted: sendKeplerMessage-n7qnie7r.js (1.3 KB)
  ✓ Extracted: constants-grl51534.js (1.1 KB)
  ✓ Extracted: useWhenAllLoaderComplete-htuoa5u9.js (4.9 KB)
  ✓ Extracted: LoadingTrackerElementRegistryContext-openy6cj.js (0.6 KB)
  ✓ Extracted: DialogLoadingInstrumentation-mythtel3.js (2.8 KB)
  ✓ Extracted: src-l8wqav1w.js (0.7 KB)
  ✓ Extracted: useCssCustomProperty-dz1fwetf.js (2.1 KB)
  ✓ Extracted: baysideTypes-i1so28rd.js (9.0 KB)
  ✓ Extracted: types-dnzka12l.js (1.8 KB)
  ✓ Extracted: ClientType-c0r9gp0u.js (0.4 KB)
  ✓ Extracted: src-kz6c0on2.js (18.0 KB)
  ✓ Extracted: CallerApplicationId-k846rbty.js (7.3 KB)
  ✓ Extracted: src-m89rexgg.js (1.7 KB)
  ✓ Extracted: relyingParty-k430unbf.js (0.9 KB)
  ✓ Extracted: types-lvbwi8um.js (1.8 KB)
  ✓ Extracted: productIds-mxv6i0nl.js (0.6 KB)
  ✓ Extracted: isStandardGamepad-ofn0qszt.js (0.4 KB)
  ✓ Extracted: DialogRouterEnvironmentProvider-fksmgqhq.js (1.5 KB)
  ✓ Extracted: types-j6mleag9.js (0.7 KB)
  ✓ Extracted: convertTime-k8romnil.js (0.5 KB)
  ✓ Extracted: NotFoundError-bnx9n9dy.js (0.7 KB)
  ✓ Extracted: UnsupportedPlatformError-hc9xexbm.js (0.6 KB)
  ✓ Extracted: RedirectStateNotFoundError-l47a40ve.js (1.3 KB)
  ✓ Extracted: NotSignedInError-bvdh3mw2.js (0.6 KB)
  ✓ Extracted: OfferingAccessDeniedError-emse2tlo.js (0.7 KB)
  ✓ Extracted: getErrorOfType-gppi0v9v.js (0.5 KB)
  ✓ Extracted: idleCallbacks-k2q6bhh4.js (0.6 KB)
  ✓ Extracted: EffectsContext-lh15jrgw.js (0.6 KB)
  ✓ Extracted: redux-i66w13lu.js (5.0 KB)
  ✓ Extracted: extends-cgfv0wz5.js (0.6 KB)
  ✓ Extracted: objectWithoutPropertiesLoose-nmgvvsiz.js (0.5 KB)
  ✓ Extracted: root-jqsjtgc1.js (107.7 KB)
  ✓ Extracted: dist-gfhsja4j.js (5.4 KB)
  ✓ Extracted: base-interactable-pdddvsmq.js (51.2 KB)
  ✓ Extracted: resize-url-wdpb1hcc.js (2.2 KB)
  ✓ Extracted: Trans-huhe1w75.js (9.2 KB)
  ✓ Extracted: src-gle6af56.js (6.5 KB)
  ✓ Extracted: use-spring-i6z9ewrl.js (2.5 KB)
  ✓ Extracted: NotificationIcon-nrytcrg2.js (17.6 KB)
  ✓ Extracted: PageStateBanner-cblayb4z.js (8.3 KB)
  ✓ Extracted: Gamerpic-lxxwjwih.js (2.2 KB)
  ✓ Extracted: GamerpicImage-09hg6jqt.js (8.0 KB)
  ✓ Extracted: utils-dccw65v4.js (1.1 KB)
  ✓ Extracted: src-ktlp61ws.js (1.8 KB)
  ✓ Extracted: usePlaySound-kui2rjbs.js (18.7 KB)
  ✓ Extracted: DockNavBarContext-bwdnpyuo.js (0.6 KB)
  ✓ Extracted: eventMatchesShortcut-e78pga2h.js (0.6 KB)
  ✓ Extracted: useSocialStrings-hlwk1eml.js (6.7 KB)
  ✓ Extracted: src-j69r1spu.js (1.3 KB)
  ✓ Extracted: bypassServerLoader.client-fviu8e3m.js (0.4 KB)
  ✓ Extracted: useIsomorphicLayoutEffect-orp81hmj.js (0.5 KB)
  ✓ Extracted: ResponsiveImage-jvxqt5ys.js (10.0 KB)
  ✓ Extracted: useAnimationPerformance-bh8d1v2k.js (0.4 KB)
  ✓ Extracted: useBlurEnabled-kr64ztpd.js (0.4 KB)
  ✓ Extracted: useLayoutDirection-krgd17y2.js (0.4 KB)
  ✓ Extracted: getContrastModeFromTheme-iv6hzv0g.js (0.5 KB)
  ✓ Extracted: useColorScheme-gnct2jzm.js (0.6 KB)
  ✓ Extracted: useContrastMode-f5milrye.js (0.5 KB)
  ✓ Extracted: src-hu2fnx91.js (8.9 KB)
  ✓ Extracted: src-jz8ncuae.js (1.0 KB)
  ✓ Extracted: NavigationStackProvider-h0k2d7ia.js (0.5 KB)
  ✓ Extracted: getResizedGamerPicImageUrl-ldkhwdqj.js (0.5 KB)
  ✓ Extracted: getResizedProductImageUrl-l5i1o0fk.js (0.6 KB)
  ✓ Extracted: SimpleContainer-hlr7p9rh.js (1.1 KB)
  ✓ Extracted: ScrollRestorationProvider-lgsap1t5.js (2.1 KB)
  ✓ Extracted: StateRestorationManager-edp0lone.js (2.3 KB)
  ✓ Extracted: RestoreFocus-ilv78kzb.js (0.5 KB)
  ✓ Extracted: SquawkerGamerpic-iw697s43.js (18.5 KB)
  ✓ Extracted: CheckInCircleSolid-ntsjnjhp.js (1.6 KB)
  ✓ Extracted: Close-bdfuxtbb.js (1.2 KB)
  ✓ Extracted: Copy-bmtedgdx.js (1.2 KB)
  ✓ Extracted: ErrorBadgeSolid-e50hbk63.js (1.8 KB)
  ✓ Extracted: GamerScore-j1ren580.js (1.9 KB)
  ✓ Extracted: WarningSolid-e1dwb7y8.js (2.2 KB)
  ✓ Extracted: QRCode-okc6vm5u.js (3.8 KB)
  ✓ Extracted: MultiPlayerSolid-ja6petw8.js (2.0 KB)
  ✓ Extracted: Player-d4b5ao7a.js (2.3 KB)
  ✓ Extracted: Xenon-pdi42ip1.js (2.7 KB)
  ✓ Extracted: BaseProgressRing-kv87yjj2.js (36.0 KB)
  ✓ Extracted: BaseButton-foxvs318.js (5.3 KB)
  ✓ Extracted: BaseItem-g87hfzks.js (8.1 KB)
  ✓ Extracted: BaseListItem-i46uzns2.js (3.7 KB)
  ✓ Extracted: BaseProgressBar-naw8caa6.js (6.6 KB)
  ✓ Extracted: IconButton-ne3opg83.js (1.7 KB)
  ✓ Extracted: TextButton-lu50cxwr.js (1.8 KB)
  ✓ Extracted: Link-ke2xmnmx.js (2.5 KB)
  ✓ Extracted: setAndForwardRef-b9t3dcuj.js (0.5 KB)
  ✓ Extracted: default-btbp3q90.js (0.4 KB)
  ✓ Extracted: PerformanceMeasurementLayout-xr3h91wu.js (3.8 KB)
  ✓ Extracted: InsiderPreviewGateLayout-k6vtwh98.js (2.9 KB)
  ✓ Extracted: useSignIn-g7vxr50h.js (1.2 KB)
  ✓ Extracted: OpenDialogLayout-9a17gmi1.js (1.7 KB)
  ✓ Extracted: purchaseDialogGuard-jdg9ru9j.js (1.8 KB)
  ✓ Extracted: BackgroundLayout-c8yioa4g.js (12.2 KB)
  ✓ Extracted: BackgroundImage-eui1kkl4.js (9.1 KB)
  ✓ Extracted: PageBackgroundImageContext-j37fk0xl.js (0.6 KB)
  ✓ Extracted: useLastNavigationDirection-mhl475px.js (0.4 KB)
  ✓ Extracted: useNavigationStackContext-j2pn0lqf.js (0.6 KB)
  ✓ Extracted: ShellLayout-gbs6wpxo.js (98.1 KB)
  ✓ Extracted: src-j732ajdt.js (18.1 KB)
  ✓ Extracted: use-presence-data-lk7zod99.js (0.5 KB)
  ✓ Extracted: useTypedSearchParams-l7s1y489.js (1.3 KB)
  ✓ Extracted: useAccelerator-ccifwndd.js (21.1 KB)
  ✓ Extracted: GameTile-l0px72ey.js (35.1 KB)
  ✓ Extracted: NavIconButton-osjyetnr.js (7.7 KB)
  ✓ Extracted: RemainingTimeIcon-nep2zbvn.js (11.6 KB)
  ✓ Extracted: GamePassBadge-fjgdrikj.js (18.5 KB)
  ✓ Extracted: Gamerscore-e18yaccp.js (1.4 KB)
  ✓ Extracted: MyProfileHeader-luulklhf.js (3.1 KB)
  ✓ Extracted: useInputIcons-faq4c4mb.js (5.8 KB)
  ✓ Extracted: ShellUIContext-k5canpnc.js (0.7 KB)
  ✓ Extracted: hooks-glsib73c.js (0.4 KB)
  ✓ Extracted: constants-fq115o1x.js (0.3 KB)
  ✓ Extracted: useTimeToHowLongAgo-nn3mkig8.js (1.4 KB)
  ✓ Extracted: LoadingTrackerElement-opb5igwb.js (0.7 KB)
  ✓ Extracted: useDraggable-dj7ro4jf.js (2.7 KB)
  ✓ Extracted: ChevronForward-lrqp3c95.js (3.5 KB)
  ✓ Extracted: withLogicalMotion-hkuxhzyo.js (1.6 KB)
  ✓ Extracted: useNavigateBack-ksgtf8kn.js (1.1 KB)
  ✓ Extracted: useIconConstraints-gv3s5pfx.js (6.7 KB)
  ✓ Extracted: AppRootContainer-ii1pwdy6.js (2.2 KB)
  ✓ Extracted: useFocusBorderSize-grw3jf7t.js (0.5 KB)
  ✓ Extracted: useDeferRestore-pejctt1k.js (0.8 KB)
  ✓ Extracted: useRestoreScroll-mk7mb79j.js (0.7 KB)
  ✓ Extracted: Chat-olh3q5yd.js (2.5 KB)
  ✓ Extracted: src-j3e5mblj.js (74.8 KB)
  ✓ Extracted: MenuItem-f1ckeu58.js (15.0 KB)
  ✓ Extracted: ChevronBack-igc5woki.js (0.3 KB)
  ✓ Extracted: Menu-d9fzg7kk.js (12.0 KB)
  ✓ Extracted: Status-mcw7apla.js (9.0 KB)
  ✓ Extracted: Game-m9azeljo.js (3.7 KB)
  ✓ Extracted: Menu-jk3k5vis.js (1.0 KB)
  ✓ Extracted: MicOn-zfdralky.js (3.5 KB)
  ✓ Extracted: MultiPlayer-jb0t32dt.js (2.8 KB)
  ✓ Extracted: PlayerAdd-guiqizwa.js (2.6 KB)
  ✓ Extracted: RecentPlayed-jktady6j.js (2.9 KB)
  ✓ Extracted: TrialLocked-j1q1x58i.js (2.9 KB)
  ✓ Extracted: Warning-ghz101hg.js (1.7 KB)
  ✓ Extracted: Xenon-g9rhzb7r.js (4.4 KB)
  ✓ Extracted: SelectableTag-j0iywhju.js (2.7 KB)
  ✓ Extracted: Error-o8xeizjc.js (21.8 KB)
  ✓ Extracted: useThemeIndex-c5dbbiun.js (0.8 KB)
  ✓ Extracted: BaseTextInput-bg2x9wtv.js (10.5 KB)
  ✓ Extracted: CounterBadge-lqyp6oqf.js (1.2 KB)
  ✓ Extracted: PageHeader-d0q97xz3.js (1.0 KB)
  ✓ Extracted: TextInput-lb6nn2vv.js (2.0 KB)
  ✓ Extracted: ImageItem-n3knllsd.js (3.6 KB)
  ✓ Extracted: HomeRoute-f548vpva.js (77.6 KB)
  ✓ Extracted: useDuetFREDialogEligibility-djcsvwri.js (1.4 KB)
  ✓ Extracted: useIsDuetUser-ncyogh16.js (1.1 KB)
  ✓ Extracted: useAttemptToLaunchCloudStream-hp1kka41.js (1.7 KB)
  ✓ Extracted: useGamepadConnected-kz3m1yie.js (0.4 KB)
  ✓ Extracted: useLaunchStream-dcr94d44.js (3.1 KB)
  ✓ Extracted: usePageProductBackgroundImage-bz5213al.js (0.9 KB)
  ✓ Extracted: PersonCard-6x3kdlu6.js (10.6 KB)
  ✓ Extracted: StackedGamerpic-b976rf1p.js (2.6 KB)
  ✓ Extracted: RowLoading-odl27qqc.js (1.1 KB)
  ✓ Extracted: usePersonData-fpkxx98u.js (0.7 KB)
  ✓ Extracted: SocialCards.constants-biqxvkf8.js (5.2 KB)
  ✓ Extracted: PartyInviteCard-natip5ta.js (12.6 KB)
  ✓ Extracted: UltimateGradient-ftelpplc.js (5.1 KB)
  ✓ Extracted: VerticalDivider-gqx7xmnq.js (0.9 KB)
  ✓ Extracted: VirtualGridCore-d8svzzmr.js (6.2 KB)
  ✓ Extracted: VirtualGrid-iszalip0.js (1.2 KB)
  ✓ Extracted: constants-o03uj3ih.js (0.9 KB)
  ✓ Extracted: determineUpsells-bykikzyc.js (1.4 KB)
  ✓ Extracted: usePresenceText-m3kekmk4.js (0.9 KB)
  ✓ Extracted: usePlanPickerProps-fgetqwxu.js (1.5 KB)
  ✓ Extracted: useIsPwaPromptEnabled-dp1bwfxg.js (0.9 KB)
  ✓ Extracted: ChatHeadset-h415itjh.js (1.5 KB)
  ✓ Extracted: Timer-dtf5h5w1.js (3.0 KB)
  ✓ Extracted: XboxGPLogoHorz-m30os8y6.js (6.3 KB)
  ✓ Extracted: lib-lrfb05xu.js (0.5 KB)
  ✓ Extracted: CookiesProvider.client-fmjtcuhs.js (0.5 KB)
  ✓ Extracted: web-vitals-l4ea39c4.js (5.2 KB)
  ✓ Extracted: XboxComFDService-dzs0no30.js (11.0 KB)
  ✓ Extracted: additionalInfo-e8sdrc67.js (2.3 KB)
  ✓ Extracted: DeviceInformation-jc9h03ce.js (0.6 KB)
  ✓ Extracted: _ApplicationInsightsServiceAdaptor.client-f88d06v1.js (4.9 KB)
  ✓ Extracted: Index-mzf864d5.js (88.1 KB)
  ✓ Extracted: applicationinsights-common-fodl9al1.js (15.1 KB)
  ✓ Extracted: SentryAdapter.client-f26cjhcg.js (4.0 KB)
  ✓ Extracted: index.client-e7igduyh.js (118.5 KB)
  ✓ Extracted: XboxReduxModulesAdaptor-f0rw404e.js (28.6 KB)
  ✓ Extracted: dist-oe8wq7nj.js (1.6 KB)
  ✓ Extracted: es-jbvll410.js (6.4 KB)
  ✓ Extracted: shim-i9forx4w.js (1.2 KB)
  ✓ Extracted: Reflect-evduh7ve.js (9.8 KB)
  ✓ Extracted: constants-hahp11xl.js (0.4 KB)
  ✓ Extracted: constants-nagrjhnf.js (0.4 KB)
  ✓ Extracted: constants-m5mqu7nb.js (0.4 KB)
  ✓ Extracted: constants-h03i1aea.js (0.4 KB)
  ✓ Extracted: constants-zsrgvzcf.js (0.3 KB)
  ✓ Extracted: constants-jk0z9muj.js (0.4 KB)
  ✓ Extracted: createChannelBasedSagaMiddleware-eosa926p.js (1.4 KB)
  ✓ Extracted: AuthenticationService-op4vqf4t.js (1.6 KB)
  ✓ Extracted: HttpUtils-bk26hg2x.js (5.8 KB)
  ✓ Extracted: apple-gpu-deobfuscator-cs4yxpcz.js (17.5 KB)
  ✓ Extracted: _DefaultApplicationLifecycleAdaptor-abz32qy7.js (0.5 KB)
  ✓ Extracted: InternationalizationPlugin-s9u9w7a1.js (1.9 KB)
  ✓ Extracted: immer.esm-nb9pk7hx.js (8.0 KB)
  ✓ Extracted: BasePlugin-dhi7esu8.js (6.5 KB)
  ✓ Extracted: selectors-hkv80mow.js (0.5 KB)
  ✓ Extracted: AuthPlugin-gz21uxvn.js (2.1 KB)
  ✓ Extracted: redux-action-creators-nwoeg3zr.js (8.0 KB)
  ✓ Extracted: actions-joe8f7k6.js (0.5 KB)
  ✓ Extracted: apple-device-match-hmqcovz2.js (3.7 KB)
  ✓ Extracted: AuthClient-o27w6et3.js (9.7 KB)
  ✓ Extracted: _NotificationInboxPlugin-iahmj34b.js (132.0 KB)
  ✓ Extracted: dist-69p2swm0.js (83.9 KB)
  ✓ Extracted: cjs-i69yfsk3.js (14.2 KB)
  ✓ Extracted: reconnecting-websocket-mjs-hapi7gr3.js (9.3 KB)
  ✓ Extracted: es-hti894ty.js (3.1 KB)
  ✓ Extracted: _ChatSocketPlugin-n6i586xb.js (2.1 KB)
  ✓ Extracted: dist-ksw213rk.js (5.5 KB)
  ✓ Extracted: inversify-dld3vfzo.js (32.5 KB)
  ✓ Extracted: _UserPresencePlugin-kfz5lphh.js (3.5 KB)
  ✓ Extracted: default-ihzfbjt1.js (0.5 KB)
  ✓ Extracted: wcp-consent.js (51.5 KB)
  ✓ Extracted: dc-7e9864 (22.4 KB)
  ✓ Extracted: routeManifest-hye3itnx.js (0.5 KB)
  ✓ Extracted: DialogOrchestrator-jpie7u4o.js (4.9 KB)
  ✓ Extracted: createMemoryRouterWithIndex-ibnam11k.js (2.2 KB)
  ✓ Extracted: uhf-en-us-d66zecrl.js (0.5 KB)
  ✓ Extracted: dist-j5jt2gzn.js (8.0 KB)
  ✓ Extracted: _MessagingPlugin-icsrrsql.js (340.9 KB)
  ✓ Extracted: dist-dchulenj.js (84.5 KB)
  ✓ Extracted: dist-i4ai6z7o.js (242.5 KB)
  ✓ Extracted: base64-k874h6cs.js (1.8 KB)
  ✓ Extracted: _PeoplePlugin-j9phjl1a.js (99.0 KB)
  ✓ Extracted: _FamilyPlugin-ljgqq8o9.js (3.2 KB)
  ✓ Extracted: dist-79wkfpdc.js (10.1 KB)
  ✓ Extracted: _FeedPlugin-b8pcgn65.js (2.5 KB)
  ✓ Extracted: InsiderPreviewGateDialog-kgcefhhv.js (6.2 KB)
  ✓ Extracted: DialogShell-okmlscrl.js (45.8 KB)
  ✓ Extracted: useRecalculateContainerHeight-ice0h38o.js (0.6 KB)
  ✓ Extracted: _RtaPlugin-ke3mpc7g.js (88.2 KB)
  ✓ Extracted: SettingsDialog-pe4y1iwz.js (7.3 KB)
  ✓ Extracted: getSettingsMemoryRouter-j28zz4o4.js (141.8 KB)
  ✓ Extracted: useTypedParams-imis7tm6.js (0.6 KB)
  ✓ Extracted: settings-b3ukxrkf.js (1.4 KB)
  ✓ Extracted: extractPathIntoRoute-e7e9lffb.js (1.7 KB)
  ✓ Extracted: FeedbackButton-jficeiwv.js (1.9 KB)
  ✓ Extracted: Feedback-682aq58x.js (2.8 KB)
  ✓ Extracted: UserPresenceDropdown-mup9comj.js (4.0 KB)
  ✓ Extracted: Accept-bsdrhbcx.js (1.0 KB)
  ✓ Extracted: useStreamAwareSignIn-ondsdkno.js (2.5 KB)
  ✓ Extracted: useLabelForShortcut-i2ar9t6q.js (3.0 KB)
  ✓ Extracted: addExtrasToScopedMemoryRouterEnvironment-gxevlj2e.js (1.6 KB)
  ✓ Extracted: AcceptSolid-nw3y6pj2.js (1.1 KB)
  ✓ Extracted: Cloud-mhz3pcqo.js (2.1 KB)
  ✓ Extracted: Edit-l4gpwy72.js (1.5 KB)
  ✓ Extracted: Globe-k6ukaxpy.js (3.8 KB)
  ✓ Extracted: Lock-cne78jay.js (2.0 KB)
  ✓ Extracted: DialogNavigationStorageProvider-fbsm1xrl.js (0.9 KB)
  ✓ Extracted: MeControlDialog-im4jas5d.js (16.5 KB)
  ✓ Extracted: adapterUtils-bmprnb6p.js (0.9 KB)
  ✓ Extracted: createCommonAdapters-owa2ku52.js (1.3 KB)
  ✓ Extracted: GuideDialog-m6kavltd.js (5.6 KB)
  ✓ Extracted: getGuideMemoryRouter-hkq7m5vd.js (43.1 KB)
  ✓ Extracted: GuideNavToggleContext-nc8mucn0.js (1.4 KB)
  ✓ Extracted: GuidePageLayout-h2j93b6v.js (3.6 KB)
  ✓ Extracted: AchievementsHeroDetailsLoading-l8m1ql0s.js (2.3 KB)
  ✓ Extracted: AchievementsSolid-ear7nkmq.js (1.3 KB)
  ✓ Extracted: ProgressBar-cnsgnyq4.js (1.7 KB)
  ✓ Extracted: JumpLandingPageLoading-ngfe6zzr.js (2.4 KB)
  ✓ Extracted: guideRouterEnvironmentHooks-k8c4m7qs.js (1.5 KB)
  ✓ Extracted: useGuideStrings-chqhr8gw.js (1.7 KB)
  ✓ Extracted: PwaPromptDialog-cazadigd.js (12.4 KB)
  ✓ Extracted: StreamGateDialog-ggdvnclk.js (49.3 KB)
  ✓ Extracted: CheckInCircle-i1ll9gwp.js (2.0 KB)
  ✓ Extracted: StoreLogo16Outline-mfo3xidf.js (1.2 KB)
  ✓ Extracted: ReportProductDialog-lppb75c0.js (51.6 KB)

✓ Extracted 344 JavaScript files from HAR archives

================================================================================
📋 METHOD 4: Checking Existing Captures
================================================================================
✓ Found 2 existing .js files:
  - wcp-consent.js (51.5 KB)
  - entry.worker.js (1382.5 KB)

Copying to round3_sources/...
✓ Copied 2 files

================================================================================
SUMMARY
================================================================================
Total files in round3_sources: 348
JavaScript files: 345

📁 Downloaded JavaScript files:
  - Attempt3_AcceleratorContext-gkfczusg.js (0.6 KB)
  - Attempt3_Accept-bsdrhbcx.js (1.0 KB)
  - Attempt3_AcceptSolid-nw3y6pj2.js (1.1 KB)
  - Attempt3_AchievementsHeroDetailsLoading-l8m1ql0s.js (2.3 KB)
  - Attempt3_AchievementsSolid-ear7nkmq.js (1.3 KB)
  - Attempt3_AnonymizedExtSanitizationPlugin-bmcc607v.js (0.8 KB)
  - Attempt3_AppRootContainer-ii1pwdy6.js (2.2 KB)
  - Attempt3_AudioConfiguration-ewtl7whn.js (0.7 KB)
  - Attempt3_AudioContext-jgv563qy.js (0.6 KB)
  - Attempt3_AuthClient-o27w6et3.js (9.7 KB)
  - Attempt3_AuthPlugin-gz21uxvn.js (2.1 KB)
  - Attempt3_AuthenticationService-op4vqf4t.js (1.6 KB)
  - Attempt3_BackgroundImage-eui1kkl4.js (9.1 KB)
  - Attempt3_BackgroundLayout-c8yioa4g.js (12.2 KB)
  - Attempt3_BaseButton-foxvs318.js (5.3 KB)
  - Attempt3_BaseItem-g87hfzks.js (8.1 KB)
  - Attempt3_BaseListItem-i46uzns2.js (3.7 KB)
  - Attempt3_BasePlugin-dhi7esu8.js (6.5 KB)
  - Attempt3_BaseProgressBar-naw8caa6.js (6.6 KB)
  - Attempt3_BaseProgressRing-kv87yjj2.js (36.0 KB)
  ... and 325 more

✓ All sources saved to: /home/deck/dump/xbplay spare parts/round3_sources
✓ Index created: INDEX.json

================================================================================
NEXT STEPS
================================================================================
1. If you haven't already, use METHOD 2 to manually save sources from DevTools
2. Alternatively, create a new HAR file and re-run this script
3. Once sources are collected, we can analyze them for the root cause
================================================================================
